This file contains any messages produced by compilers while
running configure, to aid debugging if configure makes a mistake.

It was created by libffi configure 3.0.10rc0, which was
generated by GNU Autoconf 2.65.  Invocation command line was

  $ /home/txema/work/firefox-20.0+build1/js/src/ctypes/libffi/configure --disable-shared --enable-static --disable-raw-api --with-pic --cache-file=/home/txema/work/firefox-20.0+build1/obj-i686-pc-linux-gnu/js/src/ctypes/libffi/config.cache --srcdir=/home/txema/work/firefox-20.0+build1/js/src/ctypes/libffi

## --------- ##
## Platform. ##
## --------- ##

hostname = txema-hp550
uname -m = i686
uname -r = 3.2.0-40-generic-pae
uname -s = Linux
uname -v = #64-Ubuntu SMP Mon Mar 25 21:44:41 UTC 2013

/usr/bin/uname -p = unknown
/bin/uname -X     = unknown

/bin/arch              = unknown
/usr/bin/arch -k       = unknown
/usr/convex/getsysinfo = unknown
/usr/bin/hostinfo      = unknown
/bin/machine           = unknown
/usr/bin/oslevel       = unknown
/bin/universe          = unknown

PATH: /usr/local/sbin
PATH: /usr/local/bin
PATH: /usr/sbin
PATH: /usr/bin
PATH: /sbin
PATH: /bin


## ----------- ##
## Core tests. ##
## ----------- ##

configure:2498: creating cache /home/txema/work/firefox-20.0+build1/obj-i686-pc-linux-gnu/js/src/ctypes/libffi/config.cache
configure:2601: checking build system type
configure:2615: result: i686-pc-linux-gnu
configure:2635: checking host system type
configure:2648: result: i686-pc-linux-gnu
configure:2668: checking target system type
configure:2681: result: i686-pc-linux-gnu
configure:2728: checking for a BSD-compatible install
configure:2796: result: /usr/bin/install -c
configure:2807: checking whether build environment is sane
configure:2857: result: yes
configure:2998: checking for a thread-safe mkdir -p
configure:3037: result: /bin/mkdir -p
configure:3050: checking for gawk
configure:3066: found /usr/bin/gawk
configure:3077: result: gawk
configure:3088: checking whether /usr/bin/make sets $(MAKE)
configure:3110: result: yes
configure:3249: checking for gcc
configure:3265: found /usr/bin/gcc
configure:3276: result: gcc
configure:3505: checking for C compiler version
configure:3514: gcc --version >&5
gcc-4.6.real (Ubuntu/Linaro 4.6.3-1ubuntu5) 4.6.3
Copyright (C) 2011 Free Software Foundation, Inc.
This is free software; see the source for copying conditions.  There is NO
warranty; not even for MERCHANTABILITY or FITNESS FOR A PARTICULAR PURPOSE.

configure:3525: $? = 0
configure:3514: gcc -v >&5
Using built-in specs.
COLLECT_GCC=/usr/bin/gcc-4.6.real
COLLECT_LTO_WRAPPER=/usr/lib/gcc/i686-linux-gnu/4.6/lto-wrapper
Target: i686-linux-gnu
Configured with: ../src/configure -v --with-pkgversion='Ubuntu/Linaro 4.6.3-1ubuntu5' --with-bugurl=file:///usr/share/doc/gcc-4.6/README.Bugs --enable-languages=c,c++,fortran,objc,obj-c++ --prefix=/usr --program-suffix=-4.6 --enable-shared --enable-linker-build-id --with-system-zlib --libexecdir=/usr/lib --without-included-gettext --enable-threads=posix --with-gxx-include-dir=/usr/include/c++/4.6 --libdir=/usr/lib --enable-nls --with-sysroot=/ --enable-clocale=gnu --enable-libstdcxx-debug --enable-libstdcxx-time=yes --enable-gnu-unique-object --enable-plugin --enable-objc-gc --enable-targets=all --disable-werror --with-arch-32=i686 --with-tune=generic --enable-checking=release --build=i686-linux-gnu --host=i686-linux-gnu --target=i686-linux-gnu
Thread model: posix
gcc version 4.6.3 (Ubuntu/Linaro 4.6.3-1ubuntu5) 
configure:3525: $? = 0
configure:3514: gcc -V >&5
gcc-4.6.real: error: unrecognized option '-V'
gcc-4.6.real: fatal error: no input files
compilation terminated.
configure:3525: $? = 4
configure:3514: gcc -qversion >&5
gcc-4.6.real: error: unrecognized option '-qversion'
gcc-4.6.real: fatal error: no input files
compilation terminated.
configure:3525: $? = 4
configure:3545: checking whether the C compiler works
configure:3567: gcc   -lpthread  -Wl,--build-id conftest.c  >&5
configure:3571: $? = 0
configure:3620: result: yes
configure:3623: checking for C compiler default output file name
configure:3625: result: a.out
configure:3631: checking for suffix of executables
configure:3638: gcc -o conftest   -lpthread  -Wl,--build-id conftest.c  >&5
configure:3642: $? = 0
configure:3664: result: 
configure:3686: checking whether we are cross compiling
configure:3694: gcc -o conftest   -lpthread  -Wl,--build-id conftest.c  >&5
configure:3698: $? = 0
configure:3705: ./conftest
configure:3709: $? = 0
configure:3724: result: no
configure:3729: checking for suffix of object files
configure:3751: gcc -c   conftest.c >&5
configure:3755: $? = 0
configure:3776: result: o
configure:3780: checking whether we are using the GNU C compiler
configure:3799: gcc -c   conftest.c >&5
configure:3799: $? = 0
configure:3808: result: yes
configure:3817: checking whether gcc accepts -g
configure:3837: gcc -c -g  conftest.c >&5
configure:3837: $? = 0
configure:3878: result: yes
configure:3895: checking for gcc option to accept ISO C89
configure:3959: gcc  -c -g -O2  conftest.c >&5
configure:3959: $? = 0
configure:3972: result: none needed
configure:4003: checking for style of include used by /usr/bin/make
configure:4031: result: GNU
configure:4056: checking dependency style of gcc
configure:4166: result: gcc3
configure:4196: checking dependency style of gcc
configure:4304: result: gcc3
configure:4320: checking whether gcc and cc understand -c and -o together
configure:4351: gcc -c conftest.c -o conftest2.o >&5
configure:4355: $? = 0
configure:4361: gcc -c conftest.c -o conftest2.o >&5
configure:4365: $? = 0
configure:4376: cc -c conftest.c >&5
configure:4380: $? = 0
configure:4388: cc -c conftest.c -o conftest2.o >&5
configure:4392: $? = 0
configure:4398: cc -c conftest.c -o conftest2.o >&5
configure:4402: $? = 0
configure:4420: result: yes
configure:4470: checking for a sed that does not truncate output
configure:4534: result: /bin/sed
configure:4552: checking for grep that handles long lines and -e
configure:4610: result: /bin/grep
configure:4615: checking for egrep
configure:4677: result: /bin/grep -E
configure:4682: checking for fgrep
configure:4744: result: /bin/grep -F
configure:4779: checking for ld used by gcc
configure:4846: result: /usr/bin/ld
configure:4853: checking if the linker (/usr/bin/ld) is GNU ld
configure:4868: result: yes
configure:4880: checking for BSD- or MS-compatible name lister (nm)
configure:4929: result: /usr/bin/nm -B
configure:5047: checking the name lister (/usr/bin/nm -B) interface
configure:5054: gcc -c   conftest.c >&5
configure:5057: /usr/bin/nm -B "conftest.o"
configure:5060: output
00000000 B some_variable
configure:5067: result: BSD nm
configure:5070: checking whether ln -s works
configure:5074: result: yes
configure:5082: checking the maximum length of command line arguments
configure:5202: result: 805306365
configure:5219: checking whether the shell understands some XSI constructs
configure:5229: result: yes
configure:5233: checking whether the shell understands "+="
configure:5239: result: yes
configure:5274: checking for /usr/bin/ld option to reload object files
configure:5281: result: -r
configure:5350: checking for objdump
configure:5366: found /usr/bin/objdump
configure:5377: result: objdump
configure:5409: checking how to recognize dependent libraries
configure:5605: result: pass_all
configure:5665: checking for ar
configure:5681: found /usr/bin/ar
configure:5692: result: ar
configure:5770: checking for strip
configure:5786: found /usr/bin/strip
configure:5797: result: strip
configure:5869: checking for ranlib
configure:5885: found /usr/bin/ranlib
configure:5896: result: ranlib
configure:5986: checking command to parse /usr/bin/nm -B output from gcc object
configure:6104: gcc -c   conftest.c >&5
configure:6107: $? = 0
configure:6111: /usr/bin/nm -B conftest.o \| sed -n -e 's/^.*[	 ]\([ABCDGIRSTW][ABCDGIRSTW]*\)[	 ][	 ]*\([_A-Za-z][_A-Za-z0-9]*\)$/\1 \2 \2/p' \> conftest.nm
configure:6114: $? = 0
configure:6168: gcc -o conftest   -lpthread  -Wl,--build-id conftest.c conftstm.o >&5
configure:6171: $? = 0
configure:6209: result: ok
configure:7018: checking how to run the C preprocessor
configure:7049: gcc -E  conftest.c
configure:7049: $? = 0
configure:7063: gcc -E  conftest.c
conftest.c:11:28: fatal error: ac_nonexistent.h: No such file or directory
compilation terminated.
configure:7063: $? = 1
configure: failed program was:
| /* confdefs.h */
| #define PACKAGE_NAME "libffi"
| #define PACKAGE_TARNAME "libffi"
| #define PACKAGE_VERSION "3.0.10rc0"
| #define PACKAGE_STRING "libffi 3.0.10rc0"
| #define PACKAGE_BUGREPORT "http://gcc.gnu.org/bugs.html"
| #define PACKAGE_URL ""
| #define PACKAGE "libffi"
| #define VERSION "3.0.10rc0"
| /* end confdefs.h.  */
| #include <ac_nonexistent.h>
configure:7088: result: gcc -E
configure:7108: gcc -E  conftest.c
configure:7108: $? = 0
configure:7122: gcc -E  conftest.c
conftest.c:11:28: fatal error: ac_nonexistent.h: No such file or directory
compilation terminated.
configure:7122: $? = 1
configure: failed program was:
| /* confdefs.h */
| #define PACKAGE_NAME "libffi"
| #define PACKAGE_TARNAME "libffi"
| #define PACKAGE_VERSION "3.0.10rc0"
| #define PACKAGE_STRING "libffi 3.0.10rc0"
| #define PACKAGE_BUGREPORT "http://gcc.gnu.org/bugs.html"
| #define PACKAGE_URL ""
| #define PACKAGE "libffi"
| #define VERSION "3.0.10rc0"
| /* end confdefs.h.  */
| #include <ac_nonexistent.h>
configure:7151: checking for ANSI C header files
configure:7171: gcc -c   conftest.c >&5
configure:7171: $? = 0
configure:7244: gcc -o conftest   -lpthread  -Wl,--build-id conftest.c  >&5
configure:7244: $? = 0
configure:7244: ./conftest
configure:7244: $? = 0
configure:7255: result: yes
configure:7268: checking for sys/types.h
configure:7268: gcc -c   conftest.c >&5
configure:7268: $? = 0
configure:7268: result: yes
configure:7268: checking for sys/stat.h
configure:7268: gcc -c   conftest.c >&5
configure:7268: $? = 0
configure:7268: result: yes
configure:7268: checking for stdlib.h
configure:7268: gcc -c   conftest.c >&5
configure:7268: $? = 0
configure:7268: result: yes
configure:7268: checking for string.h
configure:7268: gcc -c   conftest.c >&5
configure:7268: $? = 0
configure:7268: result: yes
configure:7268: checking for memory.h
configure:7268: gcc -c   conftest.c >&5
configure:7268: $? = 0
configure:7268: result: yes
configure:7268: checking for strings.h
configure:7268: gcc -c   conftest.c >&5
configure:7268: $? = 0
configure:7268: result: yes
configure:7268: checking for inttypes.h
configure:7268: gcc -c   conftest.c >&5
configure:7268: $? = 0
configure:7268: result: yes
configure:7268: checking for stdint.h
configure:7268: gcc -c   conftest.c >&5
configure:7268: $? = 0
configure:7268: result: yes
configure:7268: checking for unistd.h
configure:7268: gcc -c   conftest.c >&5
configure:7268: $? = 0
configure:7268: result: yes
configure:7283: checking for dlfcn.h
configure:7283: gcc -c   conftest.c >&5
configure:7283: $? = 0
configure:7283: result: yes
configure:7467: checking for objdir
configure:7482: result: .libs
configure:7774: checking if gcc supports -fno-rtti -fno-exceptions
configure:7792: gcc -c   -fno-rtti -fno-exceptions conftest.c >&5
cc1: warning: command line option '-fno-rtti' is valid for C++/ObjC++ but not for C [enabled by default]
configure:7796: $? = 0
configure:7809: result: no
configure:7829: checking for gcc option to produce PIC
configure:8101: result: -fPIC -DPIC
configure:8113: checking if gcc PIC flag -fPIC -DPIC works
configure:8131: gcc -c   -fPIC -DPIC -DPIC conftest.c >&5
configure:8135: $? = 0
configure:8148: result: yes
configure:8172: checking if gcc static flag -static works
configure:8200: result: yes
configure:8215: checking if gcc supports -c -o file.o
configure:8236: gcc -c   -o out/conftest2.o conftest.c >&5
configure:8240: $? = 0
configure:8262: result: yes
configure:8270: checking if gcc supports -c -o file.o
configure:8317: result: yes
configure:8350: checking whether the gcc linker (/usr/bin/ld) supports shared libraries
configure:9336: result: yes
configure:9575: checking dynamic linker characteristics
configure:10008: gcc -o conftest   -lpthread  -Wl,--build-id -Wl,-rpath -Wl,/foo conftest.c  >&5
configure:10008: $? = 0
configure:10229: result: GNU/Linux ld.so
configure:10331: checking how to hardcode library paths into programs
configure:10356: result: immediate
configure:10876: checking whether stripping libraries is possible
configure:10881: result: yes
configure:10916: checking if libtool supports shared libraries
configure:10918: result: yes
configure:10921: checking whether to build shared libraries
configure:10942: result: no
configure:10945: checking whether to build static libraries
configure:10949: result: yes
configure:10987: checking whether to enable maintainer-specific portions of Makefiles
configure:10996: result: no
configure:11012: checking sys/mman.h usability
configure:11012: gcc -c   conftest.c >&5
configure:11012: $? = 0
configure:11012: result: yes
configure:11012: checking sys/mman.h presence
configure:11012: gcc -E  conftest.c
configure:11012: $? = 0
configure:11012: result: yes
configure:11012: checking for sys/mman.h
configure:11012: result: yes
configure:11024: checking for mmap
configure:11024: gcc -o conftest   -lpthread  -Wl,--build-id conftest.c  >&5
configure:11024: $? = 0
configure:11024: result: yes
configure:11034: checking for sys/mman.h
configure:11034: result: yes
configure:11042: checking for mmap
configure:11042: result: yes
configure:11055: checking whether read-only mmap of a plain file works
configure:11072: result: yes
configure:11074: checking whether mmap from /dev/zero works
configure:11096: result: yes
configure:11100: checking for MAP_ANON(YMOUS)
configure:11123: gcc -c   conftest.c >&5
configure:11123: $? = 0
configure:11130: result: yes
configure:11136: checking whether mmap with MAP_ANON(YMOUS) works
configure:11153: result: yes
configure:11540: checking for ANSI C header files
configure:11644: result: yes
configure:11654: checking for memcpy
configure:11654: gcc -o conftest   -lpthread  -Wl,--build-id conftest.c  >&5
conftest.c:52:6: warning: conflicting types for built-in function 'memcpy' [enabled by default]
configure:11654: $? = 0
configure:11654: result: yes
configure:11665: checking for working alloca.h
configure:11682: gcc -o conftest   -lpthread  -Wl,--build-id conftest.c  >&5
configure:11682: $? = 0
configure:11690: result: yes
configure:11698: checking for alloca
configure:11735: gcc -o conftest   -lpthread  -Wl,--build-id conftest.c  >&5
configure:11735: $? = 0
configure:11743: result: yes
configure:11858: checking size of double
configure:11863: gcc -o conftest   -lpthread  -Wl,--build-id conftest.c  >&5
configure:11863: $? = 0
configure:11863: ./conftest
configure:11863: $? = 0
configure:11878: result: 8
configure:11892: checking size of long double
configure:11897: gcc -o conftest   -lpthread  -Wl,--build-id conftest.c  >&5
configure:11897: $? = 0
configure:11897: ./conftest
configure:11897: $? = 0
configure:11912: result: 12
configure:11937: checking whether byte ordering is bigendian
configure:11952: gcc -c   conftest.c >&5
conftest.c:36:9: error: unknown type name 'not'
conftest.c:36:15: error: expected '=', ',', ';', 'asm' or '__attribute__' before 'universal'
conftest.c:36:15: error: unknown type name 'universal'
configure:11952: $? = 1
configure: failed program was:
| /* confdefs.h */
| #define PACKAGE_NAME "libffi"
| #define PACKAGE_TARNAME "libffi"
| #define PACKAGE_VERSION "3.0.10rc0"
| #define PACKAGE_STRING "libffi 3.0.10rc0"
| #define PACKAGE_BUGREPORT "http://gcc.gnu.org/bugs.html"
| #define PACKAGE_URL ""
| #define PACKAGE "libffi"
| #define VERSION "3.0.10rc0"
| #define STDC_HEADERS 1
| #define HAVE_SYS_TYPES_H 1
| #define HAVE_SYS_STAT_H 1
| #define HAVE_STDLIB_H 1
| #define HAVE_STRING_H 1
| #define HAVE_MEMORY_H 1
| #define HAVE_STRINGS_H 1
| #define HAVE_INTTYPES_H 1
| #define HAVE_STDINT_H 1
| #define HAVE_UNISTD_H 1
| #define HAVE_DLFCN_H 1
| #define LT_OBJDIR ".libs/"
| #define HAVE_SYS_MMAN_H 1
| #define HAVE_MMAP 1
| #define HAVE_MMAP_FILE 1
| #define HAVE_MMAP_DEV_ZERO 1
| #define HAVE_MMAP_ANON 1
| #define STDC_HEADERS 1
| #define HAVE_MEMCPY 1
| #define HAVE_ALLOCA_H 1
| #define HAVE_ALLOCA 1
| #define SIZEOF_DOUBLE 8
| #define SIZEOF_LONG_DOUBLE 12
| #define HAVE_LONG_DOUBLE 1
| /* end confdefs.h.  */
| #ifndef __APPLE_CC__
| 	       not a universal capable compiler
| 	     #endif
| 	     typedef int dummy;
| 
configure:11997: gcc -c   conftest.c >&5
configure:11997: $? = 0
configure:12015: gcc -c   conftest.c >&5
conftest.c: In function 'main':
conftest.c:42:4: error: unknown type name 'not'
conftest.c:42:12: error: expected '=', ',', ';', 'asm' or '__attribute__' before 'endian'
configure:12015: $? = 1
configure: failed program was:
| /* confdefs.h */
| #define PACKAGE_NAME "libffi"
| #define PACKAGE_TARNAME "libffi"
| #define PACKAGE_VERSION "3.0.10rc0"
| #define PACKAGE_STRING "libffi 3.0.10rc0"
| #define PACKAGE_BUGREPORT "http://gcc.gnu.org/bugs.html"
| #define PACKAGE_URL ""
| #define PACKAGE "libffi"
| #define VERSION "3.0.10rc0"
| #define STDC_HEADERS 1
| #define HAVE_SYS_TYPES_H 1
| #define HAVE_SYS_STAT_H 1
| #define HAVE_STDLIB_H 1
| #define HAVE_STRING_H 1
| #define HAVE_MEMORY_H 1
| #define HAVE_STRINGS_H 1
| #define HAVE_INTTYPES_H 1
| #define HAVE_STDINT_H 1
| #define HAVE_UNISTD_H 1
| #define HAVE_DLFCN_H 1
| #define LT_OBJDIR ".libs/"
| #define HAVE_SYS_MMAN_H 1
| #define HAVE_MMAP 1
| #define HAVE_MMAP_FILE 1
| #define HAVE_MMAP_DEV_ZERO 1
| #define HAVE_MMAP_ANON 1
| #define STDC_HEADERS 1
| #define HAVE_MEMCPY 1
| #define HAVE_ALLOCA_H 1
| #define HAVE_ALLOCA 1
| #define SIZEOF_DOUBLE 8
| #define SIZEOF_LONG_DOUBLE 12
| #define HAVE_LONG_DOUBLE 1
| /* end confdefs.h.  */
| #include <sys/types.h>
| 		#include <sys/param.h>
| 
| int
| main ()
| {
| #if BYTE_ORDER != BIG_ENDIAN
| 		 not big endian
| 		#endif
| 
|   ;
|   return 0;
| }
configure:12143: result: no
configure:12162: checking assembler .cfi pseudo-op support
configure:12180: gcc -c   conftest.c >&5
configure:12180: $? = 0
configure:12188: result: yes
configure:12273: checking assembler supports pc related relocs
configure:12286: result: yes
configure:12294: checking assembler .ascii pseudo-op support
configure:12313: gcc -c   conftest.c >&5
configure:12313: $? = 0
configure:12321: result: yes
configure:12329: checking assembler .string pseudo-op support
configure:12348: gcc -c   conftest.c >&5
configure:12348: $? = 0
configure:12356: result: yes
configure:12468: checking whether .eh_frame section should be read-only
configure:12487: result: no
configure:12502: checking for __attribute__((visibility("hidden")))
configure:12511: gcc -Werror -S conftest.c -o conftest.s 1>&5
configure:12514: $? = 0
configure:12523: result: yes
configure:12684: updating cache /home/txema/work/firefox-20.0+build1/obj-i686-pc-linux-gnu/js/src/ctypes/libffi/config.cache
configure:12862: creating ./config.status

## ---------------------- ##
## Running config.status. ##
## ---------------------- ##

This file was extended by libffi config.status 3.0.10rc0, which was
generated by GNU Autoconf 2.65.  Invocation command line was

  CONFIG_FILES    = 
  CONFIG_HEADERS  = 
  CONFIG_LINKS    = 
  CONFIG_COMMANDS = 
  $ ./config.status 

on txema-hp550

config.status:1174: creating include/Makefile
config.status:1174: creating include/ffi.h
config.status:1174: creating Makefile
config.status:1174: creating testsuite/Makefile
config.status:1174: creating man/Makefile
config.status:1174: creating libffi.pc
config.status:1174: creating fficonfig.h
config.status:1399: linking /home/txema/work/firefox-20.0+build1/js/src/ctypes/libffi/src/x86/ffitarget.h to include/ffitarget.h
config.status:1418: executing depfiles commands
config.status:1418: executing libtool commands
config.status:1418: executing include commands
config.status:1418: executing src commands

## ---------------- ##
## Cache variables. ##
## ---------------- ##

ac_cv_build=i686-pc-linux-gnu
ac_cv_c_bigendian=no
ac_cv_c_compiler_gnu=yes
ac_cv_decl_map_anon=yes
ac_cv_env_CCASFLAGS_set=
ac_cv_env_CCASFLAGS_value=
ac_cv_env_CCAS_set=
ac_cv_env_CCAS_value=
ac_cv_env_CPPFLAGS_set=
ac_cv_env_CPPFLAGS_value=
ac_cv_env_CPP_set=
ac_cv_env_CPP_value=
ac_cv_env_build_alias_set=
ac_cv_env_build_alias_value=
ac_cv_env_host_alias_set=
ac_cv_env_host_alias_value=
ac_cv_env_target_alias_set=
ac_cv_env_target_alias_value=
ac_cv_func_alloca_works=yes
ac_cv_func_memcpy=yes
ac_cv_func_mmap=yes
ac_cv_func_mmap_anon=yes
ac_cv_func_mmap_dev_zero=yes
ac_cv_func_mmap_file=yes
ac_cv_header_dlfcn_h=yes
ac_cv_header_inttypes_h=yes
ac_cv_header_memory_h=yes
ac_cv_header_stdc=yes
ac_cv_header_stdint_h=yes
ac_cv_header_stdlib_h=yes
ac_cv_header_string_h=yes
ac_cv_header_strings_h=yes
ac_cv_header_sys_mman_h=yes
ac_cv_header_sys_stat_h=yes
ac_cv_header_sys_types_h=yes
ac_cv_header_unistd_h=yes
ac_cv_host=i686-pc-linux-gnu
ac_cv_objext=o
ac_cv_path_EGREP='/bin/grep -E'
ac_cv_path_FGREP='/bin/grep -F'
ac_cv_path_GREP=/bin/grep
ac_cv_path_SED=/bin/sed
ac_cv_path_install='/usr/bin/install -c'
ac_cv_path_mkdir=/bin/mkdir
ac_cv_prog_AWK=gawk
ac_cv_prog_CPP='gcc -E'
ac_cv_prog_ac_ct_AR=ar
ac_cv_prog_ac_ct_CC=gcc
ac_cv_prog_ac_ct_OBJDUMP=objdump
ac_cv_prog_ac_ct_RANLIB=ranlib
ac_cv_prog_ac_ct_STRIP=strip
ac_cv_prog_cc_c89=
ac_cv_prog_cc_g=yes
ac_cv_prog_cc_gcc_c_o=yes
ac_cv_prog_make__usr_bin_make_set=yes
ac_cv_sizeof_double=8
ac_cv_sizeof_long_double=12
ac_cv_target=i686-pc-linux-gnu
ac_cv_working_alloca_h=yes
am_cv_CCAS_dependencies_compiler_type=gcc3
am_cv_CC_dependencies_compiler_type=gcc3
libffi_cv_as_ascii_pseudo_op=yes
libffi_cv_as_cfi_pseudo_op=yes
libffi_cv_as_string_pseudo_op=yes
libffi_cv_as_x86_pcrel=yes
libffi_cv_hidden_visibility_attribute=yes
libffi_cv_ro_eh_frame=no
lt_cv_deplibs_check_method=pass_all
lt_cv_file_magic_cmd='$MAGIC_CMD'
lt_cv_file_magic_test_file=
lt_cv_ld_reload_flag=-r
lt_cv_nm_interface='BSD nm'
lt_cv_objdir=.libs
lt_cv_path_LD=/usr/bin/ld
lt_cv_path_NM='/usr/bin/nm -B'
lt_cv_prog_compiler_c_o=yes
lt_cv_prog_compiler_pic_works=yes
lt_cv_prog_compiler_rtti_exceptions=no
lt_cv_prog_compiler_static_works=yes
lt_cv_prog_gnu_ld=yes
lt_cv_sys_global_symbol_pipe='sed -n -e '\''s/^.*[	 ]\([ABCDGIRSTW][ABCDGIRSTW]*\)[	 ][	 ]*\([_A-Za-z][_A-Za-z0-9]*\)$/\1 \2 \2/p'\'''
lt_cv_sys_global_symbol_to_c_name_address='sed -n -e '\''s/^: \([^ ]*\) $/  {\"\1\", (void *) 0},/p'\'' -e '\''s/^[ABCDGIRSTW]* \([^ ]*\) \([^ ]*\)$/  {"\2", (void *) \&\2},/p'\'''
lt_cv_sys_global_symbol_to_c_name_address_lib_prefix='sed -n -e '\''s/^: \([^ ]*\) $/  {\"\1\", (void *) 0},/p'\'' -e '\''s/^[ABCDGIRSTW]* \([^ ]*\) \(lib[^ ]*\)$/  {"\2", (void *) \&\2},/p'\'' -e '\''s/^[ABCDGIRSTW]* \([^ ]*\) \([^ ]*\)$/  {"lib\2", (void *) \&\2},/p'\'''
lt_cv_sys_global_symbol_to_cdecl='sed -n -e '\''s/^T .* \(.*\)$/extern int \1();/p'\'' -e '\''s/^[ABCDGIRSTW]* .* \(.*\)$/extern char \1;/p'\'''
lt_cv_sys_max_cmd_len=805306365

## ----------------- ##
## Output variables. ##
## ----------------- ##

ACLOCAL='${SHELL} /home/txema/work/firefox-20.0+build1/js/src/ctypes/libffi/missing --run aclocal-1.11'
ALLOCA=''
ALPHA_FALSE=''
ALPHA_TRUE='#'
AMDEPBACKSLASH='\'
AMDEP_FALSE='#'
AMDEP_TRUE=''
AMTAR='${SHELL} /home/txema/work/firefox-20.0+build1/js/src/ctypes/libffi/missing --run tar'
AM_LTLDFLAGS=''
AM_RUNTESTFLAGS=''
AR='ar'
ARM_FALSE=''
ARM_TRUE='#'
AUTOCONF='${SHELL} /home/txema/work/firefox-20.0+build1/js/src/ctypes/libffi/missing --run autoconf'
AUTOHEADER='${SHELL} /home/txema/work/firefox-20.0+build1/js/src/ctypes/libffi/missing --run autoheader'
AUTOMAKE='${SHELL} /home/txema/work/firefox-20.0+build1/js/src/ctypes/libffi/missing --run automake-1.11'
AVR32_FALSE=''
AVR32_TRUE='#'
AWK='gawk'
CC='gcc'
CCAS='gcc'
CCASDEPMODE='depmode=gcc3'
CCASFLAGS=''
CCDEPMODE='depmode=gcc3'
CFLAGS=''
CPP='gcc -E'
CPPFLAGS=''
CYGPATH_W='echo'
DEFS='-DHAVE_CONFIG_H'
DEPDIR='.deps'
DSYMUTIL=''
DUMPBIN=''
ECHO_C=''
ECHO_N='-n'
ECHO_T=''
EGREP='/bin/grep -E'
EXEEXT=''
FFI_DEBUG_FALSE=''
FFI_DEBUG_TRUE='#'
FGREP='/bin/grep -F'
FRV_FALSE=''
FRV_TRUE='#'
GREP='/bin/grep'
HAVE_LONG_DOUBLE='1'
IA64_FALSE=''
IA64_TRUE='#'
INSTALL_DATA='${INSTALL} -m 644'
INSTALL_PROGRAM='${INSTALL}'
INSTALL_SCRIPT='${INSTALL}'
INSTALL_STRIP_PROGRAM='$(install_sh) -c -s'
LD='/usr/bin/ld'
LDFLAGS='-lpthread  -Wl,--build-id'
LIBFFI_CRIS_FALSE=''
LIBFFI_CRIS_TRUE='#'
LIBOBJS=''
LIBS=''
LIBTOOL='$(SHELL) $(top_builddir)/libtool'
LIPO=''
LN_S='ln -s'
LTLIBOBJS=''
M32R_FALSE=''
M32R_TRUE='#'
M68K_FALSE=''
M68K_TRUE='#'
MAINT='#'
MAINTAINER_MODE_FALSE=''
MAINTAINER_MODE_TRUE='#'
MAKEINFO='${SHELL} /home/txema/work/firefox-20.0+build1/js/src/ctypes/libffi/missing --run makeinfo'
MIPS_FALSE=''
MIPS_TRUE='#'
MKDIR_P='/bin/mkdir -p'
MOXIE_FALSE=''
MOXIE_TRUE='#'
NM='/usr/bin/nm -B'
NMEDIT=''
OBJDUMP='objdump'
OBJEXT='o'
OTOOL64=''
OTOOL=''
PA64_HPUX_FALSE=''
PA64_HPUX_TRUE='#'
PACKAGE='libffi'
PACKAGE_BUGREPORT='http://gcc.gnu.org/bugs.html'
PACKAGE_NAME='libffi'
PACKAGE_STRING='libffi 3.0.10rc0'
PACKAGE_TARNAME='libffi'
PACKAGE_URL=''
PACKAGE_VERSION='3.0.10rc0'
PATH_SEPARATOR=':'
PA_HPUX_FALSE=''
PA_HPUX_TRUE='#'
PA_LINUX_FALSE=''
PA_LINUX_TRUE='#'
POWERPC_AIX_FALSE=''
POWERPC_AIX_TRUE='#'
POWERPC_DARWIN_FALSE=''
POWERPC_DARWIN_TRUE='#'
POWERPC_FALSE=''
POWERPC_FREEBSD_FALSE=''
POWERPC_FREEBSD_TRUE='#'
POWERPC_TRUE='#'
RANLIB='ranlib'
S390_FALSE=''
S390_TRUE='#'
SED='/bin/sed'
SET_MAKE=''
SH64_FALSE=''
SH64_TRUE='#'
SHELL='/bin/bash'
SH_FALSE=''
SH_TRUE='#'
SPARC_FALSE=''
SPARC_TRUE='#'
STRIP='strip'
TARGET='X86'
TARGETDIR='x86'
TESTSUBDIR_FALSE='#'
TESTSUBDIR_TRUE=''
VERSION='3.0.10rc0'
X86_64_FALSE=''
X86_64_TRUE='#'
X86_DARWIN_FALSE=''
X86_DARWIN_TRUE='#'
X86_FALSE='#'
X86_FREEBSD_FALSE=''
X86_FREEBSD_TRUE='#'
X86_TRUE=''
X86_WIN32_FALSE=''
X86_WIN32_TRUE='#'
X86_WIN64_FALSE=''
X86_WIN64_TRUE='#'
ac_ct_CC='gcc'
ac_ct_DUMPBIN=''
am__EXEEXT_FALSE=''
am__EXEEXT_TRUE='#'
am__fastdepCCAS_FALSE='#'
am__fastdepCCAS_TRUE=''
am__fastdepCC_FALSE='#'
am__fastdepCC_TRUE=''
am__include='include'
am__isrc=' -I$(srcdir)'
am__leading_dot='.'
am__quote=''
am__tar='${AMTAR} chof - "$$tardir"'
am__untar='${AMTAR} xf -'
bindir='${exec_prefix}/bin'
build='i686-pc-linux-gnu'
build_alias=''
build_cpu='i686'
build_os='linux-gnu'
build_vendor='pc'
datadir='${datarootdir}'
datarootdir='${prefix}/share'
docdir='${datarootdir}/doc/${PACKAGE_TARNAME}'
dvidir='${docdir}'
exec_prefix='${prefix}'
host='i686-pc-linux-gnu'
host_alias=''
host_cpu='i686'
host_os='linux-gnu'
host_vendor='pc'
htmldir='${docdir}'
includedir='${prefix}/include'
infodir='${datarootdir}/info'
install_sh='${SHELL} /home/txema/work/firefox-20.0+build1/js/src/ctypes/libffi/install-sh'
libdir='${exec_prefix}/lib'
libexecdir='${exec_prefix}/libexec'
localedir='${datarootdir}/locale'
localstatedir='${prefix}/var'
lt_ECHO='echo'
mandir='${datarootdir}/man'
mkdir_p='/bin/mkdir -p'
oldincludedir='/usr/include'
pdfdir='${docdir}'
prefix='/usr/local'
program_transform_name='s,x,x,'
psdir='${docdir}'
sbindir='${exec_prefix}/sbin'
sharedstatedir='${prefix}/com'
sys_symbol_underscore=''
sysconfdir='${prefix}/etc'
target='i686-pc-linux-gnu'
target_alias=''
target_cpu='i686'
target_os='linux-gnu'
target_vendor='pc'
toolexecdir='$(libdir)/gcc-lib/$(target_alias)'
toolexeclibdir='$(libdir)/../lib'

## ----------- ##
## confdefs.h. ##
## ----------- ##

/* confdefs.h */
#define PACKAGE_NAME "libffi"
#define PACKAGE_TARNAME "libffi"
#define PACKAGE_VERSION "3.0.10rc0"
#define PACKAGE_STRING "libffi 3.0.10rc0"
#define PACKAGE_BUGREPORT "http://gcc.gnu.org/bugs.html"
#define PACKAGE_URL ""
#define PACKAGE "libffi"
#define VERSION "3.0.10rc0"
#define STDC_HEADERS 1
#define HAVE_SYS_TYPES_H 1
#define HAVE_SYS_STAT_H 1
#define HAVE_STDLIB_H 1
#define HAVE_STRING_H 1
#define HAVE_MEMORY_H 1
#define HAVE_STRINGS_H 1
#define HAVE_INTTYPES_H 1
#define HAVE_STDINT_H 1
#define HAVE_UNISTD_H 1
#define HAVE_DLFCN_H 1
#define LT_OBJDIR ".libs/"
#define HAVE_SYS_MMAN_H 1
#define HAVE_MMAP 1
#define HAVE_MMAP_FILE 1
#define HAVE_MMAP_DEV_ZERO 1
#define HAVE_MMAP_ANON 1
#define STDC_HEADERS 1
#define HAVE_MEMCPY 1
#define HAVE_ALLOCA_H 1
#define HAVE_ALLOCA 1
#define SIZEOF_DOUBLE 8
#define SIZEOF_LONG_DOUBLE 12
#define HAVE_LONG_DOUBLE 1
#define HAVE_AS_CFI_PSEUDO_OP 1
#define HAVE_AS_X86_PCREL 1
#define HAVE_AS_ASCII_PSEUDO_OP 1
#define HAVE_AS_STRING_PSEUDO_OP 1
#define EH_FRAME_FLAGS "aw"
#define HAVE_HIDDEN_VISIBILITY_ATTRIBUTE 1
#define FFI_NO_RAW_API 1

configure: exit 0
